
ROM used: 1624 (5%)
          1624 (5%) including unused fragments

          1 Average locations per line
          3 Average locations per statement

RAM used: 41 (3%) at main() level
          45 (3%) worst case

Stack used: 2 worst case (out of 30 total available)

Lines Stmts  %   Files
----- ----- ---  -----
  177   112  18  remote.c
  436     0   0  ..\..\..\..\..\Program Files (x86)\PICC\devices\18f4520.h
 1273   359  57  ..\..\..\..\..\Program Files (x86)\PICC\drivers\stdlib.h
   28     0   0  ..\..\..\..\..\Program Files (x86)\PICC\drivers\stddef.h
  409   121  19  ..\..\..\..\..\Program Files (x86)\PICC\drivers\string.h
   28     0   0  ..\..\..\..\..\Program Files (x86)\PICC\drivers\ctype.h
  121    38   6  ..\..\..\..\..\Program Files (x86)\PICC\drivers\input.c
----- -----
 2472   630 Total

Page ROM  %  RAM   Vol Diff  Functions:
---- --- --- ---   --- ----  ----------
0     40   1   1             @delay_ms1
0      8   0   0             @PUTCHARI_BIU_1
0     64   2   1             @PUTCHAR_2_
0     30   1   5             @MUL1616
0     66   2   5             @DIV1616
0      8   0   0    25  1.2  wegetsignal
0     22   1   2    76  4.0  min
0   1232  38  11  6374 10.1  MAIN

Program metrics:
    Functions               3
    Statements              630
    Comments                754
    Volume (V)              6694
    Difficilty (D)          15.9
    Effort to implement (E) 106498
    Time to implement (T)   1 hours, 39 minutes
    Est Delivered Bugs (B)  1
    Cyclomatic Complexity   15
    Maintainability (MI)    16

 Segment     Used  Free
-----------  ----  ----
00000-00002     4  0  
00004-00006     0  4  
00008-0009C   150  0  
0009E-07CBE  1470  30308  



