----------------------------  Synth4.pjt - Release  ----------------------------
[effects.c] "C:\CCStudio_v3.3\C6000\cgtools\bin\cl6x" -pdsw225 -o3 -fr"C:/Documents and Settings/Administrator/My Documents/PADK/Synth4/Release" -i"C:/Lyrtech/PADK/dsp/api" -i"C:/CCStudio_v3.3/csl/csl_C672x/dsp/inc" -i"C:/CCStudio_v3.3/csl/csl_C672x_intc/dsp/inc" -i"C:/CCStudio_v3.3/csl/FastRTS/C6700/mthlib/include" -i"C:/Documents and Settings/Administrator/My Documents/PADK/Synth4" -mv67p -@"Release.lkf" "effects.c"

[generators.c] "C:\CCStudio_v3.3\C6000\cgtools\bin\cl6x" -pdsw225 -o3 -fr"C:/Documents and Settings/Administrator/My Documents/PADK/Synth4/Release" -i"C:/Lyrtech/PADK/dsp/api" -i"C:/CCStudio_v3.3/csl/csl_C672x/dsp/inc" -i"C:/CCStudio_v3.3/csl/csl_C672x_intc/dsp/inc" -i"C:/CCStudio_v3.3/csl/FastRTS/C6700/mthlib/include" -i"C:/Documents and Settings/Administrator/My Documents/PADK/Synth4" -mv67p -@"Release.lkf" "generators.c"
"generators.c", line 138: warning: variable "gain" was declared but never referenced
"generators.c", line 139: warning: variable "nindex" was declared but never referenced
"generators.c", line 171: warning: variable "gain" was declared but never referenced

[initialization.c] "C:\CCStudio_v3.3\C6000\cgtools\bin\cl6x" -pdsw225 -o3 -fr"C:/Documents and Settings/Administrator/My Documents/PADK/Synth4/Release" -i"C:/Lyrtech/PADK/dsp/api" -i"C:/CCStudio_v3.3/csl/csl_C672x/dsp/inc" -i"C:/CCStudio_v3.3/csl/csl_C672x_intc/dsp/inc" -i"C:/CCStudio_v3.3/csl/FastRTS/C6700/mthlib/include" -i"C:/Documents and Settings/Administrator/My Documents/PADK/Synth4" -mv67p -@"Release.lkf" "initialization.c"
"initialization.c", line 64: warning: function declared implicitly

[instruments.c] "C:\CCStudio_v3.3\C6000\cgtools\bin\cl6x" -pdsw225 -o3 -fr"C:/Documents and Settings/Administrator/My Documents/PADK/Synth4/Release" -i"C:/Lyrtech/PADK/dsp/api" -i"C:/CCStudio_v3.3/csl/csl_C672x/dsp/inc" -i"C:/CCStudio_v3.3/csl/csl_C672x_intc/dsp/inc" -i"C:/CCStudio_v3.3/csl/FastRTS/C6700/mthlib/include" -i"C:/Documents and Settings/Administrator/My Documents/PADK/Synth4" -mv67p -@"Release.lkf" "instruments.c"
"instruments.c", line 450: warning: variable "numNotesInScale" was declared but never referenced
"instruments.c", line 451: warning: variable "randArpIndex" was declared but never referenced

[led.c] "C:\CCStudio_v3.3\C6000\cgtools\bin\cl6x" -pdsw225 -o3 -fr"C:/Documents and Settings/Administrator/My Documents/PADK/Synth4/Release" -i"C:/Lyrtech/PADK/dsp/api" -i"C:/CCStudio_v3.3/csl/csl_C672x/dsp/inc" -i"C:/CCStudio_v3.3/csl/csl_C672x_intc/dsp/inc" -i"C:/CCStudio_v3.3/csl/FastRTS/C6700/mthlib/include" -i"C:/Documents and Settings/Administrator/My Documents/PADK/Synth4" -mv67p -@"Release.lkf" "led.c"

[main.c] "C:\CCStudio_v3.3\C6000\cgtools\bin\cl6x" -pdsw225 -o3 -fr"C:/Documents and Settings/Administrator/My Documents/PADK/Synth4/Release" -i"C:/Lyrtech/PADK/dsp/api" -i"C:/CCStudio_v3.3/csl/csl_C672x/dsp/inc" -i"C:/CCStudio_v3.3/csl/csl_C672x_intc/dsp/inc" -i"C:/CCStudio_v3.3/csl/FastRTS/C6700/mthlib/include" -i"C:/Documents and Settings/Administrator/My Documents/PADK/Synth4" -mv67p -@"Release.lkf" "main.c"

[midi.c] "C:\CCStudio_v3.3\C6000\cgtools\bin\cl6x" -pdsw225 -o3 -fr"C:/Documents and Settings/Administrator/My Documents/PADK/Synth4/Release" -i"C:/Lyrtech/PADK/dsp/api" -i"C:/CCStudio_v3.3/csl/csl_C672x/dsp/inc" -i"C:/CCStudio_v3.3/csl/csl_C672x_intc/dsp/inc" -i"C:/CCStudio_v3.3/csl/FastRTS/C6700/mthlib/include" -i"C:/Documents and Settings/Administrator/My Documents/PADK/Synth4" -mv67p -@"Release.lkf" "midi.c"
"midi.c", line 58: warning: variable "keyCheck" was declared but never referenced
"midi.c", line 58: warning: variable "scaleCheck" was declared but never referenced

[mixer.c] "C:\CCStudio_v3.3\C6000\cgtools\bin\cl6x" -pdsw225 -o3 -fr"C:/Documents and Settings/Administrator/My Documents/PADK/Synth4/Release" -i"C:/Lyrtech/PADK/dsp/api" -i"C:/CCStudio_v3.3/csl/csl_C672x/dsp/inc" -i"C:/CCStudio_v3.3/csl/csl_C672x_intc/dsp/inc" -i"C:/CCStudio_v3.3/csl/FastRTS/C6700/mthlib/include" -i"C:/Documents and Settings/Administrator/My Documents/PADK/Synth4" -mv67p -@"Release.lkf" "mixer.c"

[Linking...] "C:\CCStudio_v3.3\C6000\cgtools\bin\cl6x" -@"Release.lkf"
<Linking>

Build Complete,
  0 Errors, 8 Warnings, 0 Remarks.
