
ROM used: 1582 (1%)
          1582 (1%) including unused fragments

          2 Average locations per line
          9 Average locations per statement

RAM used: 40 (1%) at main() level
          72 (2%) worst case

Stack used: 5 worst case (out of 31 total available)

Lines Stmts  %   Files
----- ----- ---  -----
   90    71  39  MIDI_INT - Polling.c
   15     0   0  prototype8722alone.h
  520     0   0  ..\..\..\..\..\Program Files (x86)\PICC\devices\18F8722.h
  121    29  16  ..\..\..\..\..\Program Files (x86)\PICC\drivers\input.c
   28     0   0  ..\..\..\..\..\Program Files (x86)\PICC\drivers\ctype.h
   37    14   8  xbee_packet.h
  134    70  38  midi.c
----- -----
  945   184 Total

Page ROM  %  RAM   Vol Diff  Functions:
---- --- --- ---   --- ----  ----------
0      8   0   0             @PUTCHARI_BIU_1
0     56   2   7   229  5.0  output_midievent
0     80   3  11   419  7.4  get_midievent
0    134   4   1   527  3.3  lookup_mididatabytes
0     48   2   6   155  4.0  set_midievent
0     62   2   7   223  4.3  set_midievent
0    224   7  10   641  5.8  serial_isr1
0    808  26   6  1968  4.9  MAIN

Program metrics:
    Functions               7
    Statements              184
    Comments                172
    Volume (V)              5846
    Difficilty (D)          34.4
    Effort to implement (E) 201247
    Time to implement (T)   3 hours, 6 minutes
    Est Delivered Bugs (B)  1
    Cyclomatic Complexity   24
    Maintainability (MI)    132

 Segment     Used  Free
-----------  ----  ----
00000-00002     4  0  
00004-00006     0  4  
00008-000A4   158  0  
000A6-0FFFE  1420  63950  
10000-1FFFE     0  65536  



