
ROM used: 1228 (1%)
          1228 (1%) including unused fragments

          1 Average locations per line
          7 Average locations per statement

RAM used: 33 (1%) at main() level
          58 (2%) worst case

Stack used: 3 worst case (out of 31 total available)

Lines Stmts  %   Files
----- ----- ---  -----
   83    60  35  MIDI_INT.c
   15     0   0  prototype8722alone.h
  520     0   0  ..\..\..\..\..\Program Files (x86)\PICC\devices\18F8722.h
  121    29  17  ..\..\..\..\..\Program Files (x86)\PICC\drivers\input.c
   28     0   0  ..\..\..\..\..\Program Files (x86)\PICC\drivers\ctype.h
   37    14   8  xbee_packet.h
  134    70  40  midi.c
----- -----
  938   173 Total

Page ROM  %  RAM   Vol Diff  Functions:
---- --- --- ---   --- ----  ----------
0      8   0   0             @PUTCHARI_BIU_1
0     56   2   7   229  5.0  output_midievent
0     80   3  11   419  7.4  get_midievent
0    134   5   1   527  3.3  lookup_mididatabytes
0     48   2   6   155  4.0  set_midievent
0     62   3   7   223  4.3  set_midievent
0    224   9  10   641  5.8  serial_isr1
0    356  14   6  1175  4.4  serial_isr2
0     86   4   0   140  1.7  MAIN

Program metrics:
    Functions               8
    Statements              173
    Comments                170
    Volume (V)              5231
    Difficilty (D)          35.6
    Effort to implement (E) 186117
    Time to implement (T)   2 hours, 52 minutes
    Est Delivered Bugs (B)  1
    Cyclomatic Complexity   22
    Maintainability (MI)    125

 Segment     Used  Free
-----------  ----  ----
00000-00002     4  0  
00004-00006     0  4  
00008-000B0   170  0  
000B2-0FFFE  1054  64304  
10000-1FFFE     0  65536  



